<?xml version="1.0" encoding="UTF-8"?>
<!-- Generated by org.testng.reporters.JUnitXMLReporter -->
<testsuite ignored="2" hostname="Prasuns-MacBook-Pro.local" failures="0" tests="1" name="Default test" time="20.323" errors="0" timestamp="06 Apr 2020 23:40:15 GMT">
  <testcase classname="com.iitp.mmp.MMP.LoginPageTest" name="databaseConn" time="20.262"/>
  <testcase classname="com.iitp.mmp.MMP.LoginPageTest" name="adminLogin" time="0.0">
    <ignored/>
  </testcase> <!-- adminLogin -->
  <testcase classname="com.iitp.mmp.MMP.LoginPageTest" name="PatLogin" time="0.0">
    <ignored/>
  </testcase> <!-- PatLogin -->
</testsuite> <!-- Default test -->
