<?xml version="1.0" encoding="UTF-8"?>
<!-- Generated by org.testng.reporters.JUnitXMLReporter -->
<testsuite ignored="3" hostname="Prasuns-MacBook-Pro.local" failures="0" tests="2" name="Default test" time="42.285" errors="0" timestamp="12 Apr 2020 21:15:24 GMT">
  <testcase classname="com.iitp.mmp.MMP.LoginPageTest" name="PatLoginDataProvider" time="20.07"/>
  <testcase classname="com.iitp.mmp.MMP.LoginPageTest" name="PatLoginDataProvider" time="18.267"/>
  <testcase classname="com.iitp.mmp.MMP.LoginPageTest" name="usernamePwdFrmdatabase" time="0.0">
    <ignored/>
  </testcase> <!-- usernamePwdFrmdatabase -->
  <testcase classname="com.iitp.mmp.MMP.LoginPageTest" name="PatLoginExcel" time="0.0">
    <ignored/>
  </testcase> <!-- PatLoginExcel -->
  <testcase classname="com.iitp.mmp.MMP.LoginPageTest" name="adminLogin" time="0.0">
    <ignored/>
  </testcase> <!-- adminLogin -->
</testsuite> <!-- Default test -->
