<?xml version="1.0" encoding="UTF-8"?>
<testng-results ignored="0" total="1" passed="1" failed="0" skipped="0">
  <reporter-output>
  </reporter-output>
  <suite started-at="2020-03-19T22:24:21Z" name="Suite" finished-at="2020-03-19T22:24:36Z" duration-ms="14792">
    <groups>
    </groups>
    <test started-at="2020-03-19T22:24:21Z" name="Test" finished-at="2020-03-19T22:24:36Z" duration-ms="14792">
      <class name="com.iitp.mmp.MMP.PatientRegisterTest">
        <test-method signature="approvePatient()[pri:0, instance:com.iitp.mmp.MMP.PatientRegisterTest@7133da86]" started-at="2020-03-19T22:24:22Z" name="approvePatient" description="US_004 Validating the approve patient" finished-at="2020-03-19T22:24:36Z" duration-ms="14647" status="PASS">
          <reporter-output>
          </reporter-output>
        </test-method> <!-- approvePatient -->
      </class> <!-- com.iitp.mmp.MMP.PatientRegisterTest -->
    </test> <!-- Test -->
  </suite> <!-- Suite -->
</testng-results>
